[2026-04-26 12:27:33 UTC] [MINE] Mining bloc 1 — reward: 65 GHST
[2026-04-26 12:27:33 UTC] [MINE] Bloc 1 miné ! Supply: 65 GHST
[2026-04-26 12:27:33 UTC] [MINE] Récompense 65 GHST → PC1-1e49b3bac18f
[2026-04-26 12:27:36 UTC] [MINE] Mining bloc 2 — reward: 65 GHST
[2026-04-26 12:27:36 UTC] [MINE] Bloc 2 miné ! Supply: 130 GHST
[2026-04-26 12:27:36 UTC] [MINE] Récompense 65 GHST → PC1-1e49b3bac18f
[2026-04-26 12:27:41 UTC] [MINE] Mining bloc 3 — reward: 65 GHST
[2026-04-26 12:27:41 UTC] [MINE] Bloc 3 miné ! Supply: 195 GHST
[2026-04-26 12:27:41 UTC] [MINE] Récompense 65 GHST → PC1-1e49b3bac18f
[2026-04-26 12:27:44 UTC] [MINE] Mining bloc 4 — reward: 65 GHST
[2026-04-26 12:27:44 UTC] [MINE] Bloc 4 miné ! Supply: 260 GHST
[2026-04-26 12:27:44 UTC] [MINE] Récompense 65 GHST → PC1-1e49b3bac18f
[2026-04-26 12:27:52 UTC] [MINE] Mining bloc 5 — reward: 65 GHST
[2026-04-26 12:27:52 UTC] [MINE] Bloc 5 miné ! Supply: 325 GHST
[2026-04-26 12:27:52 UTC] [MINE] Récompense 65 GHST → PC1-1e49b3bac18f
[2026-04-26 12:27:55 UTC] [MINE] Mining bloc 6 — reward: 65 GHST
[2026-04-26 12:27:56 UTC] [MINE] Bloc 6 miné ! Supply: 390 GHST
[2026-04-26 12:27:56 UTC] [MINE] Récompense 65 GHST → PC1-1e49b3bac18f
[2026-04-26 12:27:59 UTC] [MINE] Mining bloc 7 — reward: 65 GHST
[2026-04-26 12:28:00 UTC] [MINE] Bloc 7 miné ! Supply: 455 GHST
[2026-04-26 12:28:00 UTC] [MINE] Récompense 65 GHST → PC1-1e49b3bac18f
[2026-04-26 12:28:02 UTC] [MINE] Mining bloc 8 — reward: 65 GHST
[2026-04-26 12:28:03 UTC] [MINE] Bloc 8 miné ! Supply: 520 GHST
[2026-04-26 12:28:03 UTC] [MINE] Récompense 65 GHST → PC1-1e49b3bac18f
[2026-04-26 12:29:02 UTC] [TX] Envoyé 200 GHST → PC1-cdf99be1ecb5 | TX: tx_71373cb278fb1345 | Frais: 5
[2026-04-26 12:30:01 UTC] [TX] Reçu 200 GHST — TX: tx_71373cb278fb1345
[2026-04-26 12:33:06 UTC] [MINE] Mining bloc 9 — reward: 65 GHST
[2026-04-26 12:33:07 UTC] [MINE] Bloc 9 miné ! Supply: 585 GHST
[2026-04-26 12:33:07 UTC] [MINE] Récompense 65 GHST → PC1-cdf99be1ecb5
[2026-04-26 12:33:13 UTC] [MINE] Mining bloc 10 — reward: 65 GHST
[2026-04-26 12:33:14 UTC] [MINE] Bloc 10 miné ! Supply: 650 GHST
[2026-04-26 12:33:14 UTC] [MINE] Récompense 65 GHST → PC1-cdf99be1ecb5
[2026-04-26 12:33:25 UTC] [MINE] Mining bloc 11 — reward: 65 GHST
[2026-04-26 12:33:25 UTC] [MINE] Bloc 11 miné ! Supply: 715 GHST
[2026-04-26 12:33:25 UTC] [MINE] Récompense 65 GHST → PC1-cdf99be1ecb5
[2026-04-26 12:35:27 UTC] [MINE] Mining bloc 12 — reward: 65 GHST
[2026-04-26 12:35:28 UTC] [MINE] Bloc 12 miné ! Supply: 780 GHST
[2026-04-26 12:35:28 UTC] [MINE] Récompense 65 GHST → PC1-1e49b3bac18f
[2026-04-26 12:35:30 UTC] [MINE] Mining bloc 13 — reward: 65 GHST
[2026-04-26 12:35:32 UTC] [MINE] Bloc 13 miné ! Supply: 845 GHST
[2026-04-26 12:35:32 UTC] [MINE] Récompense 65 GHST → PC1-1e49b3bac18f
[2026-04-26 21:49:04 UTC] [MINE] Mining bloc 14 | 0 TX | 65 GHST reward | 0 GHST fees
[2026-04-26 21:49:06 UTC] [MINE] Bloc #14 confirmé | Supply: 910 GHST
[2026-04-26 21:49:06 UTC] [MINE] Récompense 65 GHST
[2026-04-26 21:49:35 UTC] [MINE] Mining bloc 15 | 0 TX | 65 GHST reward | 0 GHST fees
[2026-04-26 21:49:36 UTC] [MINE] Bloc #15 confirmé | Supply: 975 GHST
[2026-04-26 21:49:36 UTC] [MINE] Récompense 65 GHST
[2026-04-26 21:49:38 UTC] [MINE] Mining bloc 16 | 0 TX | 65 GHST reward | 0 GHST fees
[2026-04-26 21:49:38 UTC] [MINE] Bloc #16 confirmé | Supply: 1040 GHST
[2026-04-26 21:49:38 UTC] [MINE] Récompense 65 GHST
[2026-04-26 21:49:40 UTC] [MINE] Mining bloc 17 | 0 TX | 65 GHST reward | 0 GHST fees
[2026-04-26 21:49:41 UTC] [MINE] Bloc #17 confirmé | Supply: 1105 GHST
[2026-04-26 21:49:41 UTC] [MINE] Récompense 65 GHST
[2026-04-26 21:49:54 UTC] [MINE] Mining bloc 18 | 0 TX | 65 GHST reward | 0 GHST fees
[2026-04-26 21:49:56 UTC] [MINE] Bloc #18 confirmé | Supply: 1170 GHST
[2026-04-26 21:49:56 UTC] [MINE] Récompense 65 GHST
[2026-04-26 21:56:02 UTC] [TX] Broadcast TX tx_810b6523656aa — 5 GHST fee — PC1-1e49b3bac18f → PC1-cdf99be1ecb5
[2026-04-26 21:56:02 UTC] [TX] Envoyé 120 GHST → PC1-cdf99be1ecb5 | TX: tx_810b6523656aa190
[2026-04-26 21:57:38 UTC] [TX] Reçu 120 GHST — TX: tx_810b6523656aa190
[2026-04-26 21:59:03 UTC] [TX] Broadcast TX tx_bdeb3a68142db — 5 GHST fee — PC1-cdf99be1ecb5 → PC1-cdf99be1ecb5
[2026-04-26 21:59:03 UTC] [TX] Max privacy 10 GHST → PC1-cdf99be1ecb5
[2026-04-26 21:59:43 UTC] [TX] Reçu 10 GHST — TX: tx_bdeb3a68142db5d2
[2026-04-26 22:00:44 UTC] [MINE] Mining bloc 19 | 0 TX | 65 GHST reward | 0 GHST fees
[2026-04-26 22:00:44 UTC] [MINE] Bloc #19 confirmé | Supply: 1235 GHST
[2026-04-26 22:00:44 UTC] [MINE] Récompense 65 GHST
[2026-04-26 22:01:36 UTC] [TX] Broadcast TX tx_32648be8dadf4 — 5 GHST fee — PC1-1e49b3bac18f → PC1-cdf99be1ecb5
[2026-04-26 22:01:36 UTC] [TX] Max privacy 100 GHST → PC1-cdf99be1ecb5
[2026-04-26 22:01:54 UTC] [TX] Reçu 100 GHST — TX: tx_32648be8dadf40d5
[2026-04-26 22:06:54 UTC] [TX] Broadcast TX tx_1c04e44209769 — 2 GHST fee — PC1-cdf99be1ecb5 → PC1-1e49b3bac18f
[2026-04-26 22:06:54 UTC] [TX] Envoyé 100 GHST → PC1-1e49b3bac18f | TX: tx_1c04e442097693fc
[2026-04-26 22:07:23 UTC] [TX] Reçu 100 GHST — TX: tx_1c04e442097693fc
[2026-04-26 22:11:02 UTC] [MINE] Mining bloc 20 | 0 TX | 65 GHST reward | 0 GHST fees
[2026-04-26 22:11:02 UTC] [MINE] Bloc #20 confirmé | Supply: 1300 GHST
[2026-04-26 22:11:02 UTC] [MINE] Récompense 65 GHST
[2026-04-26 22:11:04 UTC] [MINE] Mining bloc 21 | 0 TX | 65 GHST reward | 0 GHST fees
[2026-04-26 22:11:04 UTC] [MINE] Bloc #21 confirmé | Supply: 1365 GHST
[2026-04-26 22:11:04 UTC] [MINE] Récompense 65 GHST
[2026-04-26 22:11:05 UTC] [MINE] Mining bloc 22 | 0 TX | 65 GHST reward | 0 GHST fees
[2026-04-26 22:11:05 UTC] [MINE] Bloc #22 confirmé | Supply: 1430 GHST
[2026-04-26 22:11:05 UTC] [MINE] Récompense 65 GHST
[2026-04-26 22:11:06 UTC] [MINE] Mining bloc 23 | 0 TX | 65 GHST reward | 0 GHST fees
[2026-04-26 22:11:06 UTC] [MINE] Bloc #23 confirmé | Supply: 1495 GHST
[2026-04-26 22:11:06 UTC] [MINE] Récompense 65 GHST
[2026-04-26 22:19:14 UTC] [MINE] Mining bloc 24 | 0 TX | 65 GHST reward | 0 GHST fees
[2026-04-26 22:19:15 UTC] [MINE] Bloc #24 confirmé | Supply: 1560 GHST
[2026-04-26 22:19:15 UTC] [MINE] Récompense 65 GHST
[2026-04-26 22:41:34 UTC] [MINE] Mining bloc 25 | 0 TX | 65 GHST reward | 0 GHST fees
[2026-04-26 22:41:34 UTC] [MINE] Bloc #25 confirmé | Supply: 1625 GHST
[2026-04-26 22:41:34 UTC] [MINE] Récompense 65 GHST
[2026-04-27 00:14:34 UTC] [MINE] Mining bloc 26 | 0 TX | 65 GHST reward | 0 GHST fees
[2026-04-27 00:14:35 UTC] [MINE] Bloc #26 confirmé | Supply: 1690 GHST
[2026-04-27 00:14:35 UTC] [MINE] Récompense 65 GHST
[2026-04-27 00:14:36 UTC] [MINE] Mining bloc 27 | 0 TX | 65 GHST reward | 0 GHST fees
[2026-04-27 00:14:36 UTC] [MINE] Bloc #27 confirmé | Supply: 1755 GHST
[2026-04-27 00:14:36 UTC] [MINE] Récompense 65 GHST
[2026-04-27 00:14:37 UTC] [MINE] Mining bloc 28 | 0 TX | 65 GHST reward | 0 GHST fees
[2026-04-27 00:14:37 UTC] [MINE] Bloc #28 confirmé | Supply: 1820 GHST
[2026-04-27 00:14:37 UTC] [MINE] Récompense 65 GHST
[2026-04-27 00:14:38 UTC] [MINE] Mining bloc 29 | 0 TX | 65 GHST reward | 0 GHST fees
[2026-04-27 00:14:38 UTC] [MINE] Bloc #29 confirmé | Supply: 1885 GHST
[2026-04-27 00:14:38 UTC] [MINE] Récompense 65 GHST
[2026-04-27 00:14:39 UTC] [MINE] Mining bloc 30 | 0 TX | 65 GHST reward | 0 GHST fees
[2026-04-27 00:14:39 UTC] [MINE] Bloc #30 confirmé | Supply: 1950 GHST
[2026-04-27 00:14:39 UTC] [MINE] Récompense 65 GHST
[2026-04-27 00:14:40 UTC] [MINE] Mining bloc 31 | 0 TX | 65 GHST reward | 0 GHST fees
[2026-04-27 00:14:40 UTC] [MINE] Bloc #31 confirmé | Supply: 2015 GHST
[2026-04-27 00:14:40 UTC] [MINE] Récompense 65 GHST
[2026-04-27 00:14:41 UTC] [MINE] Mining bloc 32 | 0 TX | 65 GHST reward | 0 GHST fees
[2026-04-27 00:14:42 UTC] [MINE] Bloc #32 confirmé | Supply: 2080 GHST
[2026-04-27 00:14:42 UTC] [MINE] Récompense 65 GHST
[2026-04-27 00:14:42 UTC] [MINE] Mining bloc 33 | 0 TX | 65 GHST reward | 0 GHST fees
[2026-04-27 00:14:43 UTC] [MINE] Bloc #33 confirmé | Supply: 2145 GHST
[2026-04-27 00:14:43 UTC] [MINE] Récompense 65 GHST
[2026-04-28 23:24:03 UTC] [MINE] Mining bloc 34 | 0 TX | 65 GHST reward | 0 GHST fees
[2026-04-28 23:24:03 UTC] [MINE] Bloc #34 confirmé | Supply: 2210 GHST
[2026-04-28 23:24:03 UTC] [MINE] Récompense 65 GHST
[2026-04-28 23:25:24 UTC] [MINE] Mining bloc 35 | 0 TX | 65 GHST reward | 0 GHST fees
[2026-04-28 23:25:25 UTC] [MINE] Bloc #35 confirmé | Supply: 2275 GHST
[2026-04-28 23:25:25 UTC] [MINE] Récompense 65 GHST
[2026-04-28 23:25:26 UTC] [MINE] Mining bloc 36 | 0 TX | 65 GHST reward | 0 GHST fees
[2026-04-28 23:25:27 UTC] [MINE] Bloc #36 confirmé | Supply: 2340 GHST
[2026-04-28 23:25:27 UTC] [MINE] Récompense 65 GHST
[2026-04-28 23:25:34 UTC] [MINE] Mining bloc 37 | 0 TX | 65 GHST reward | 0 GHST fees
[2026-04-28 23:25:34 UTC] [MINE] Bloc #37 confirmé | Supply: 2405 GHST
[2026-04-28 23:25:34 UTC] [MINE] Récompense 65 GHST
[2026-05-02 21:48:22 UTC] [MINE] Mining bloc 38 | 0 TX | 65 GHST reward | 0 GHST fees
[2026-05-02 21:48:22 UTC] [MINE] Bloc #38 confirmé | Supply: 2470 GHST
[2026-05-02 21:48:22 UTC] [MINE] Récompense 65 GHST
[2026-05-02 22:06:37 UTC] [MINE] Mining bloc 1 | 0 TX | 65 GHST reward | 0 GHST fees
[2026-05-02 22:06:37 UTC] [MINE] Bloc #1 confirmé | Supply: 65 GHST
[2026-05-02 22:06:38 UTC] [MINE] Récompense 65 GHST
[2026-05-02 22:07:53 UTC] [MINE] Mining bloc 2 | 0 TX | 65 GHST reward | 0 GHST fees
[2026-05-02 22:07:54 UTC] [MINE] Bloc #2 confirmé | Supply: 130 GHST
[2026-05-02 22:07:54 UTC] [MINE] Récompense 65 GHST
[2026-05-02 22:07:55 UTC] [MINE] Mining bloc 33 | 0 TX | 65 GHST reward | 0 GHST fees
[2026-05-02 22:07:55 UTC] [MINE] Bloc #33 confirmé | Supply: 2145 GHST
[2026-05-02 22:07:55 UTC] [MINE] Récompense 65 GHST
[2026-05-02 22:08:59 UTC] [MINE] Mining bloc 34 | 0 TX | 65 GHST reward | 0 GHST fees
[2026-05-02 22:08:59 UTC] [MINE] Bloc #34 confirmé | Supply: 2210 GHST
[2026-05-02 22:08:59 UTC] [MINE] Récompense 65 GHST
[2026-05-02 22:09:40 UTC] [MINE] Mining bloc 35 | 0 TX | 65 GHST reward | 0 GHST fees
[2026-05-02 22:09:42 UTC] [MINE] Bloc #35 confirmé | Supply: 2275 GHST
[2026-05-02 22:09:42 UTC] [MINE] Récompense 65 GHST
[2026-05-02 22:27:38 UTC] [MINE] Mining bloc 1 | 0 TX | 65 GHST reward | 0 GHST fees
[2026-05-02 22:27:42 UTC] [MINE] Bloc #1 confirmé | Supply: 65 GHST
[2026-05-02 22:27:43 UTC] [MINE] Récompense 65 GHST
[2026-05-02 22:36:47 UTC] [MINE] Mining bloc 2 | 0 TX | 65 GHST reward | 0 GHST fees
[2026-05-02 22:36:47 UTC] [MINE] Bloc #2 confirmé | Supply: 130 GHST
[2026-05-02 22:36:47 UTC] [MINE] Récompense 65 GHST
[2026-05-02 22:53:19 UTC] [MINE] Mining bloc 3 | 0 TX | 65 GHST reward | 0 GHST fees
[2026-05-02 22:53:21 UTC] [MINE] Bloc #3 confirmé | Supply: 195 GHST
[2026-05-02 22:53:21 UTC] [MINE] Récompense 65 GHST
[2026-05-03 00:39:59 UTC] [MINE] Mining bloc 4 | 0 TX | 65 GHST reward | 0 GHST fees
[2026-05-03 00:39:59 UTC] [MINE] Bloc #4 confirmé | Supply: 260 GHST
[2026-05-03 00:40:00 UTC] [MINE] Récompense 65 GHST
[2026-05-03 00:40:36 UTC] [MINE] Mining bloc 5 | 0 TX | 65 GHST reward | 0 GHST fees
[2026-05-03 00:40:37 UTC] [MINE] Bloc #5 confirmé | Supply: 325 GHST
[2026-05-03 00:40:37 UTC] [MINE] Récompense 65 GHST
[2026-05-03 00:40:38 UTC] [MINE] Mining bloc 6 | 0 TX | 65 GHST reward | 0 GHST fees
[2026-05-03 00:40:38 UTC] [MINE] Bloc #6 confirmé | Supply: 390 GHST
[2026-05-03 00:40:38 UTC] [MINE] Récompense 65 GHST
[2026-05-03 00:43:43 UTC] [MINE] Mining bloc 7 | 0 TX | 65 GHST reward | 0 GHST fees
[2026-05-03 00:43:46 UTC] [MINE] Bloc #7 confirmé | Supply: 455 GHST
[2026-05-03 00:44:02 UTC] [MINE] Récompense 65 GHST
